<?xml version="1.0" encoding="UTF-8"?>
<testsuite name="com.surest.member_service.MemberServiceApplicationTests" tests="1" skipped="0" failures="0" errors="0" timestamp="2026-01-19T08:00:52.994Z" hostname="WFMMMJR3" time="3.267">
  <properties/>
  <testcase name="shouldStartMemberServiceApplicationSuccessfully()" classname="com.surest.member_service.MemberServiceApplicationTests" time="3.267"/>
  <system-out><![CDATA[13:30:36.474 [Test worker] INFO org.springframework.test.context.support.AnnotationConfigContextLoaderUtils -- Could not detect default configuration classes for test class [com.surest.member_service.MemberServiceApplicationTests]: MemberServiceApplicationTests does not declare any static, non-private, non-final, nested classes annotated with @Configuration.
13:30:37.157 [Test worker] INFO org.springframework.boot.test.context.SpringBootTestContextBootstrapper -- Found @SpringBootConfiguration com.surest.member_service.MemberServiceApplication for test class com.surest.member_service.MemberServiceApplicationTests

  .   ____          _            __ _ _
 /\\ / ___'_ __ _ _(_)_ __  __ _ \ \ \ \
( ( )\___ | '_ | '_| | '_ \/ _` | \ \ \ \
 \\/  ___)| |_)| | | | | || (_| |  ) ) ) )
  '  |____| .__|_| |_|_| |_\__, | / / / /
 =========|_|==============|___/=/_/_/_/

 :: Spring Boot ::                (v3.5.6)

2026-01-19 13:30:39.103 [background-preinit] INFO  o.h.validator.internal.util.Version - HV000001: Hibernate Validator 8.0.3.Final
2026-01-19 13:30:39.208 [Test worker] INFO  c.s.m.MemberServiceApplicationTests - Starting MemberServiceApplicationTests using Java 17.0.17 with PID 11988 (started by HarikrishnaHanumanth in C:\Users\HarikrishnaHanumanth\Downloads\employee-management)
2026-01-19 13:30:39.208 [Test worker] DEBUG c.s.m.MemberServiceApplicationTests - Running with Spring Boot v3.5.6, Spring v6.2.11
2026-01-19 13:30:39.208 [Test worker] INFO  c.s.m.MemberServiceApplicationTests - The following 1 profile is active: "test"
2026-01-19 13:30:42.527 [Test worker] INFO  o.s.d.r.c.RepositoryConfigurationDelegate - Bootstrapping Spring Data JPA repositories in DEFAULT mode.
2026-01-19 13:30:42.820 [Test worker] INFO  o.s.d.r.c.RepositoryConfigurationDelegate - Finished Spring Data repository scanning in 252 ms. Found 3 JPA repository interfaces.
2026-01-19 13:30:45.239 [Test worker] INFO  com.zaxxer.hikari.HikariDataSource - HikariPool-1 - Starting...
2026-01-19 13:30:45.740 [Test worker] INFO  com.zaxxer.hikari.pool.HikariPool - HikariPool-1 - Added connection org.postgresql.jdbc.PgConnection@1c32c581
2026-01-19 13:30:45.740 [Test worker] INFO  com.zaxxer.hikari.HikariDataSource - HikariPool-1 - Start completed.
2026-01-19 13:30:45.858 [Test worker] INFO  org.flywaydb.core.FlywayExecutor - Database: jdbc:postgresql://localhost:5432/surestdb (PostgreSQL 18.1)
2026-01-19 13:30:45.906 [Test worker] WARN  o.f.c.i.database.base.Database - Flyway upgrade recommended: PostgreSQL 18.1 is newer than this version of Flyway and support has not been tested. The latest supported version of PostgreSQL is 17.
2026-01-19 13:30:46.065 [Test worker] INFO  o.f.core.internal.command.DbValidate - Successfully validated 1 migration (execution time 00:00.117s)
2026-01-19 13:30:46.114 [Test worker] INFO  o.f.core.internal.command.DbMigrate - Current version of schema "public": 1
2026-01-19 13:30:46.135 [Test worker] INFO  o.f.core.internal.command.DbMigrate - Schema "public" is up to date. No migration necessary.
2026-01-19 13:30:46.516 [Test worker] INFO  o.h.jpa.internal.util.LogHelper - HHH000204: Processing PersistenceUnitInfo [name: default]
2026-01-19 13:30:46.744 [Test worker] INFO  org.hibernate.Version - HHH000412: Hibernate ORM core version 6.6.29.Final
2026-01-19 13:30:46.816 [Test worker] INFO  o.h.c.i.RegionFactoryInitiator - HHH000026: Second-level cache disabled
2026-01-19 13:30:47.440 [Test worker] INFO  o.s.o.j.p.SpringPersistenceUnitInfo - No LoadTimeWeaver setup: ignoring JPA class transformer
2026-01-19 13:30:47.583 [Test worker] INFO  o.hibernate.orm.connections.pooling - HHH10001005: Database info:
	Database JDBC URL [Connecting through datasource 'HikariDataSource (HikariPool-1)']
	Database driver: undefined/unknown
	Database version: 18.1
	Autocommit mode: undefined/unknown
	Isolation level: undefined/unknown
	Minimum pool size: undefined/unknown
	Maximum pool size: undefined/unknown
2026-01-19 13:30:49.357 [Test worker] INFO  o.h.e.t.j.p.i.JtaPlatformInitiator - HHH000489: No JTA platform available (set 'hibernate.transaction.jta.platform' to enable JTA platform integration)
2026-01-19 13:30:49.538 [Test worker] INFO  o.s.o.j.LocalContainerEntityManagerFactoryBean - Initialized JPA EntityManagerFactory for persistence unit 'default'
2026-01-19 13:30:50.356 [Test worker] INFO  o.s.s.c.a.a.c.InitializeUserDetailsBeanManagerConfigurer$InitializeUserDetailsManagerConfigurer - Global AuthenticationManager configured with UserDetailsService bean with name customUserDetailsService
2026-01-19 13:30:51.086 [Test worker] WARN  o.s.b.a.o.j.JpaBaseConfiguration$JpaWebConfiguration - spring.jpa.open-in-view is enabled by default. Therefore, database queries may be performed during view rendering. Explicitly configure spring.jpa.open-in-view to disable this warning
2026-01-19 13:30:52.975 [Test worker] INFO  c.s.m.MemberServiceApplicationTests - Started MemberServiceApplicationTests in 14.883 seconds (process running for 21.4)

  .   ____          _            __ _ _
 /\\ / ___'_ __ _ _(_)_ __  __ _ \ \ \ \
( ( )\___ | '_ | '_| | '_ \/ _` | \ \ \ \
 \\/  ___)| |_)| | | | | || (_| |  ) ) ) )
  '  |____| .__|_| |_|_| |_\__, | / / / /
 =========|_|==============|___/=/_/_/_/

 :: Spring Boot ::                (v3.5.6)

2026-01-19 13:30:53.608 [Test worker] INFO  c.s.m.MemberServiceApplication - Starting MemberServiceApplication using Java 17.0.17 with PID 11988 (started by HarikrishnaHanumanth in C:\Users\HarikrishnaHanumanth\Downloads\employee-management)
2026-01-19 13:30:53.608 [Test worker] DEBUG c.s.m.MemberServiceApplication - Running with Spring Boot v3.5.6, Spring v6.2.11
2026-01-19 13:30:53.608 [Test worker] INFO  c.s.m.MemberServiceApplication - No active profile set, falling back to 1 default profile: "default"
2026-01-19 13:30:53.985 [Test worker] INFO  o.s.d.r.c.RepositoryConfigurationDelegate - Bootstrapping Spring Data JPA repositories in DEFAULT mode.
2026-01-19 13:30:54.014 [Test worker] INFO  o.s.d.r.c.RepositoryConfigurationDelegate - Finished Spring Data repository scanning in 29 ms. Found 3 JPA repository interfaces.
2026-01-19 13:30:54.495 [Test worker] INFO  o.s.b.w.e.tomcat.TomcatWebServer - Tomcat initialized with port 8080 (http)
2026-01-19 13:30:54.511 [Test worker] INFO  o.a.coyote.http11.Http11NioProtocol - Initializing ProtocolHandler ["http-nio-8080"]
2026-01-19 13:30:54.511 [Test worker] INFO  o.a.catalina.core.StandardService - Starting service [Tomcat]
2026-01-19 13:30:54.511 [Test worker] INFO  o.a.catalina.core.StandardEngine - Starting Servlet engine: [Apache Tomcat/10.1.46]
2026-01-19 13:30:54.607 [Test worker] INFO  o.a.c.c.C.[Tomcat].[localhost].[/] - Initializing Spring embedded WebApplicationContext
2026-01-19 13:30:54.607 [Test worker] INFO  o.s.b.w.s.c.ServletWebServerApplicationContext - Root WebApplicationContext: initialization completed in 995 ms
2026-01-19 13:30:54.719 [Test worker] INFO  com.zaxxer.hikari.HikariDataSource - HikariPool-2 - Starting...
2026-01-19 13:30:54.866 [Test worker] INFO  com.zaxxer.hikari.pool.HikariPool - HikariPool-2 - Added connection org.postgresql.jdbc.PgConnection@32f1f5da
2026-01-19 13:30:54.866 [Test worker] INFO  com.zaxxer.hikari.HikariDataSource - HikariPool-2 - Start completed.
2026-01-19 13:30:54.866 [Test worker] INFO  org.flywaydb.core.FlywayExecutor - Database: jdbc:postgresql://localhost:5432/surestdb (PostgreSQL 18.1)
2026-01-19 13:30:54.877 [Test worker] WARN  o.f.c.i.database.base.Database - Flyway upgrade recommended: PostgreSQL 18.1 is newer than this version of Flyway and support has not been tested. The latest supported version of PostgreSQL is 17.
2026-01-19 13:30:54.920 [Test worker] INFO  o.f.core.internal.command.DbValidate - Successfully validated 1 migration (execution time 00:00.023s)
2026-01-19 13:30:55.131 [Test worker] INFO  o.f.core.internal.command.DbMigrate - Current version of schema "public": 1
2026-01-19 13:30:55.131 [Test worker] INFO  o.f.core.internal.command.DbMigrate - Schema "public" is up to date. No migration necessary.
2026-01-19 13:30:55.171 [Test worker] INFO  o.h.jpa.internal.util.LogHelper - HHH000204: Processing PersistenceUnitInfo [name: default]
2026-01-19 13:30:55.185 [Test worker] INFO  o.h.c.i.RegionFactoryInitiator - HHH000026: Second-level cache disabled
2026-01-19 13:30:55.239 [Test worker] INFO  o.s.o.j.p.SpringPersistenceUnitInfo - No LoadTimeWeaver setup: ignoring JPA class transformer
2026-01-19 13:30:55.260 [Test worker] INFO  o.hibernate.orm.connections.pooling - HHH10001005: Database info:
	Database JDBC URL [Connecting through datasource 'HikariDataSource (HikariPool-2)']
	Database driver: undefined/unknown
	Database version: 18.1
	Autocommit mode: undefined/unknown
	Isolation level: undefined/unknown
	Minimum pool size: undefined/unknown
	Maximum pool size: undefined/unknown
2026-01-19 13:30:55.432 [Test worker] INFO  o.h.e.t.j.p.i.JtaPlatformInitiator - HHH000489: No JTA platform available (set 'hibernate.transaction.jta.platform' to enable JTA platform integration)
2026-01-19 13:30:55.652 [Test worker] INFO  o.s.o.j.LocalContainerEntityManagerFactoryBean - Initialized JPA EntityManagerFactory for persistence unit 'default'
2026-01-19 13:30:55.735 [Test worker] DEBUG c.s.m.util.JwtAuthFilter - Filter 'jwtAuthFilter' configured for use
2026-01-19 13:30:55.771 [Test worker] INFO  o.s.s.c.a.a.c.InitializeUserDetailsBeanManagerConfigurer$InitializeUserDetailsManagerConfigurer - Global AuthenticationManager configured with UserDetailsService bean with name customUserDetailsService
2026-01-19 13:30:55.850 [Test worker] WARN  o.s.b.a.o.j.JpaBaseConfiguration$JpaWebConfiguration - spring.jpa.open-in-view is enabled by default. Therefore, database queries may be performed during view rendering. Explicitly configure spring.jpa.open-in-view to disable this warning
2026-01-19 13:30:56.148 [Test worker] INFO  o.a.coyote.http11.Http11NioProtocol - Starting ProtocolHandler ["http-nio-8080"]
2026-01-19 13:30:56.201 [Test worker] INFO  o.s.b.w.e.tomcat.TomcatWebServer - Tomcat started on port 8080 (http) with context path '/'
2026-01-19 13:30:56.217 [Test worker] INFO  c.s.m.MemberServiceApplication - Started MemberServiceApplication in 2.668 seconds (process running for 24.642)
]]></system-out>
  <system-err><![CDATA[]]></system-err>
</testsuite>
